Using pre-set license
Built from '2020.3/staging' branch; Version is '2020.3.26f1 (7298b473bc1a) revision 7510196'; Using compiler version '192528614'; Build Type 'Release'
OS: 'Windows 10  (10.0.19044) 64bit Professional' Language: 'en' Physical Memory: 16331 MB
BatchMode: 1, IsHumanControllingUs: 0, StartBugReporterOnCrash: 0, Is64bit: 1, IsPro: 0

COMMAND LINE ARGUMENTS:
D:\Unity 2020.3.26f1\Editor\Unity.exe
-adb2
-batchMode
-noUpm
-name
AssetImportWorker0
-projectPath
D:/GitHun/cybersibir/cybersibir
-logFile
Logs/AssetImportWorker0.log
-srvPort
53357
Successfully changed project path to: D:/GitHun/cybersibir/cybersibir
D:/GitHun/cybersibir/cybersibir
Using Asset Import Pipeline V2.
Refreshing native plugins compatible for Editor in 54.27 ms, found 3 plugins.
Preloading 0 native plugins for Editor in 0.00 ms.
Initialize engine version: 2020.3.26f1 (7298b473bc1a)
[Subsystems] Discovering subsystems at path D:/Unity 2020.3.26f1/Editor/Data/Resources/UnitySubsystems
[Subsystems] Discovering subsystems at path D:/GitHun/cybersibir/cybersibir/Assets
GfxDevice: creating device client; threaded=0
Direct3D:
    Version:  Direct3D 11.0 [level 11.1]
    Renderer: NVIDIA GeForce GTX 1650 (ID=0x1f82)
    Vendor:   
    VRAM:     3962 MB
    Driver:   30.0.15.1259
Initialize mono
Mono path[0] = 'D:/Unity 2020.3.26f1/Editor/Data/Managed'
Mono path[1] = 'D:/Unity 2020.3.26f1/Editor/Data/MonoBleedingEdge/lib/mono/unityjit'
Mono config path = 'D:/Unity 2020.3.26f1/Editor/Data/MonoBleedingEdge/etc'
Using monoOptions --debugger-agent=transport=dt_socket,embedding=1,server=y,suspend=n,address=127.0.0.1:56760
Begin MonoManager ReloadAssembly
Registering precompiled unity dll's ...
Register platform support module: D:/Unity 2020.3.26f1/Editor/Data/PlaybackEngines/WindowsStandaloneSupport/UnityEditor.WindowsStandalone.Extensions.dll
Registered in 0.001256 seconds.
Native extension for WindowsStandalone target not found
Refreshing native plugins compatible for Editor in 56.84 ms, found 3 plugins.
Preloading 0 native plugins for Editor in 0.00 ms.
Mono: successfully reloaded assembly
- Completed reload, in  0.631 seconds
Domain Reload Profiling:
	ReloadAssembly (632ms)
		BeginReloadAssembly (56ms)
			ExecutionOrderSort (0ms)
			DisableScriptedObjects (0ms)
			BackupInstance (0ms)
			ReleaseScriptingObjects (0ms)
			CreateAndSetChildDomain (1ms)
		EndReloadAssembly (499ms)
			LoadAssemblies (55ms)
			RebuildTransferFunctionScriptingTraits (0ms)
			SetupTypeCache (166ms)
			ReleaseScriptCaches (0ms)
			RebuildScriptCaches (32ms)
			SetupLoadedEditorAssemblies (197ms)
				LogAssemblyErrors (0ms)
				InitializePlatformSupportModulesInManaged (5ms)
				SetLoadedEditorAssemblies (0ms)
				RefreshPlugins (57ms)
				BeforeProcessingInitializeOnLoad (9ms)
				ProcessInitializeOnLoadAttributes (93ms)
				ProcessInitializeOnLoadMethodAttributes (33ms)
				AfterProcessingInitializeOnLoad (0ms)
				EditorAssembliesLoaded (0ms)
			ExecutionOrderSort2 (0ms)
			AwakeInstancesAfterBackupRestoration (0ms)
Platform modules already initialized, skipping
Registering precompiled user dll's ...
Registered in 0.004045 seconds.
Begin MonoManager ReloadAssembly
Native extension for WindowsStandalone target not found
Refreshing native plugins compatible for Editor in 55.72 ms, found 3 plugins.
Preloading 0 native plugins for Editor in 0.00 ms.
Mono: successfully reloaded assembly
- Completed reload, in  1.204 seconds
Domain Reload Profiling:
	ReloadAssembly (1205ms)
		BeginReloadAssembly (152ms)
			ExecutionOrderSort (0ms)
			DisableScriptedObjects (5ms)
			BackupInstance (0ms)
			ReleaseScriptingObjects (0ms)
			CreateAndSetChildDomain (20ms)
		EndReloadAssembly (989ms)
			LoadAssemblies (97ms)
			RebuildTransferFunctionScriptingTraits (0ms)
			SetupTypeCache (337ms)
			ReleaseScriptCaches (1ms)
			RebuildScriptCaches (53ms)
			SetupLoadedEditorAssemblies (373ms)
				LogAssemblyErrors (0ms)
				InitializePlatformSupportModulesInManaged (4ms)
				SetLoadedEditorAssemblies (0ms)
				RefreshPlugins (56ms)
				BeforeProcessingInitializeOnLoad (69ms)
				ProcessInitializeOnLoadAttributes (223ms)
				ProcessInitializeOnLoadMethodAttributes (17ms)
				AfterProcessingInitializeOnLoad (3ms)
				EditorAssembliesLoaded (0ms)
			ExecutionOrderSort2 (0ms)
			AwakeInstancesAfterBackupRestoration (7ms)
Platform modules already initialized, skipping
========================================================================
Worker process is ready to serve import requests
Launched and connected shader compiler UnityShaderCompiler.exe after 0.15 seconds
Refreshing native plugins compatible for Editor in 0.55 ms, found 3 plugins.
Preloading 0 native plugins for Editor in 0.00 ms.
Unloading 2337 Unused Serialized files (Serialized files now loaded: 0)
System memory in use before: 176.8 MB.
System memory in use after: 177.0 MB.

Unloading 28 unused Assets to reduce memory usage. Loaded Objects now: 2774.
Total: 3.902500 ms (FindLiveObjects: 0.221200 ms CreateObjectMapping: 0.057400 ms MarkObjects: 3.539900 ms  DeleteObjects: 0.082800 ms)

AssetImportParameters requested are different than current active one (requested -> active):
  custom:framework-win-MediaFoundation: 216162199b28c13a410421893ffa2e32 -> 
  custom:video-decoder-ogg-theora: a1e56fd34408186e4bbccfd4996cb3dc -> 
  custom:container-muxer-webm: aa71ff27fc2769a1b78a27578f13a17b -> 
  custom:container-demuxer-webm: 4f35f7cbe854078d1ac9338744f61a02 -> 
  custom:container-demuxer-ogg: 62fdf1f143b41e24485cea50d1cbac27 -> 
  custom:video-encoder-webm-vp8: eb34c28f22e8b96e1ab97ce403110664 -> 
  custom:video-decoder-webm-vp8: 9c59270c3fd7afecdb556c50c9e8de78 -> 
  custom:audio-decoder-ogg-vorbis: bf7c407c2cedff20999df2af8eb42d56 -> 
  custom:audio-encoder-webm-vorbis: bf7c407c2cedff20999df2af8eb42d56 -> 
========================================================================
Received Import Request.
  path: Assets/Sprites/kibergopnik/kibergopnik.prefab
  artifactKey: Guid(13234158827fd3c4591b3390425eb96f) Importer(815301076,1909f56bfc062723c751e8b465ee728b)
Start importing Assets/Sprites/kibergopnik/kibergopnik.prefab using Guid(13234158827fd3c4591b3390425eb96f) Importer(815301076,1909f56bfc062723c751e8b465ee728b)  -> (artifact id: '3011bcda626d6f6fd86e14a9fec6b7ff') in 0.146963 seconds 
  Import took 0.173741 seconds .

========================================================================
Received Import Request.
  Time since last request: 0.000193 seconds.
  path: Assets/Sprites/Profile.asset
  artifactKey: Guid(f037f85ff7f0a424c8c59f3acebe570a) Importer(815301076,1909f56bfc062723c751e8b465ee728b)
Start importing Assets/Sprites/Profile.asset using Guid(f037f85ff7f0a424c8c59f3acebe570a) Importer(815301076,1909f56bfc062723c751e8b465ee728b)  -> (artifact id: '07461bcf152efb34cb205f4a673897b0') in 0.026524 seconds 
  Import took 0.030237 seconds .

========================================================================
Received Import Request.
  Time since last request: 0.000267 seconds.
  path: Assets/Sprites/background1.png
  artifactKey: Guid(7603a40b4c4c6cf488e05d3a3becf98d) Importer(815301076,1909f56bfc062723c751e8b465ee728b)
Start importing Assets/Sprites/background1.png using Guid(7603a40b4c4c6cf488e05d3a3becf98d) Importer(815301076,1909f56bfc062723c751e8b465ee728b)  -> (artifact id: '1b61549725b57c5284732c321ad9d414') in 0.107888 seconds 
  Import took 0.132029 seconds .

========================================================================
Received Import Request.
  Time since last request: 0.000188 seconds.
  path: Assets/Sprites/background2.png
  artifactKey: Guid(69316687efcb83242a6e47933a44b53c) Importer(815301076,1909f56bfc062723c751e8b465ee728b)
Start importing Assets/Sprites/background2.png using Guid(69316687efcb83242a6e47933a44b53c) Importer(815301076,1909f56bfc062723c751e8b465ee728b)  -> (artifact id: '01de79b9c15ad738e06c0e9d63ae57a4') in 0.032923 seconds 
  Import took 0.046925 seconds .

========================================================================
Received Import Request.
  Time since last request: 0.000238 seconds.
  path: Assets/Sprites/kibergopnik/kibergopnik.psb
  artifactKey: Guid(e30f8d72ee43ca340aa123e6333f9cab) Importer(815301076,1909f56bfc062723c751e8b465ee728b)
Start importing Assets/Sprites/kibergopnik/kibergopnik.psb using Guid(e30f8d72ee43ca340aa123e6333f9cab) Importer(815301076,1909f56bfc062723c751e8b465ee728b)  -> (artifact id: '68d268c285404d7dda22c4ec054763ed') in 0.137390 seconds 
  Import took 0.140937 seconds .

========================================================================
Received Import Request.
  Time since last request: 0.000162 seconds.
  path: Assets/Sprites/background3.png
  artifactKey: Guid(cb6dac5a04b29324eb67380810833ffd) Importer(815301076,1909f56bfc062723c751e8b465ee728b)
Start importing Assets/Sprites/background3.png using Guid(cb6dac5a04b29324eb67380810833ffd) Importer(815301076,1909f56bfc062723c751e8b465ee728b)  -> (artifact id: 'ef74f2a0140152f3a80eb9ef02e5ab70') in 0.009224 seconds 
  Import took 0.044967 seconds .

========================================================================
Received Import Request.
  Time since last request: 0.000183 seconds.
  path: Assets/Sprites/kibergopnik/knife.png
  artifactKey: Guid(2f75ee893ad626a418b72917b2c76f74) Importer(815301076,1909f56bfc062723c751e8b465ee728b)
Start importing Assets/Sprites/kibergopnik/knife.png using Guid(2f75ee893ad626a418b72917b2c76f74) Importer(815301076,1909f56bfc062723c751e8b465ee728b)  -> (artifact id: 'd601a6f6c07bbb6757941eff9066e1cd') in 0.010920 seconds 
  Import took 0.014658 seconds .

========================================================================
Received Import Request.
  Time since last request: 0.000213 seconds.
  path: Assets/Sprites/kibergopnik
  artifactKey: Guid(d8687a26952c3bc46b25a7d89de45e8e) Importer(815301076,1909f56bfc062723c751e8b465ee728b)
Start importing Assets/Sprites/kibergopnik using Guid(d8687a26952c3bc46b25a7d89de45e8e) Importer(815301076,1909f56bfc062723c751e8b465ee728b)  -> (artifact id: '404c62aee367234ef1b4ab9635194ce6') in 0.001266 seconds 
  Import took 0.004795 seconds .

========================================================================
Received Import Request.
  Time since last request: 40.749231 seconds.
  path: Assets/Sprites/DIplomat
  artifactKey: Guid(85d61f2dc3552c14daa30a6a032ede17) Importer(815301076,1909f56bfc062723c751e8b465ee728b)
Start importing Assets/Sprites/DIplomat using Guid(85d61f2dc3552c14daa30a6a032ede17) Importer(815301076,1909f56bfc062723c751e8b465ee728b)  -> (artifact id: 'bf134e59e199dcec8e231d20f30376ca') in 0.001447 seconds 
  Import took 0.004879 seconds .

========================================================================
Received Import Request.
  Time since last request: 270.506113 seconds.
  path: Assets/Sprites/DIplomat/diplomat.psb
  artifactKey: Guid(b9c4493854359fb42845c2d77399b7cc) Importer(815301076,1909f56bfc062723c751e8b465ee728b)
Start importing Assets/Sprites/DIplomat/diplomat.psb using Guid(b9c4493854359fb42845c2d77399b7cc) Importer(815301076,1909f56bfc062723c751e8b465ee728b)  -> (artifact id: '8ef9e88efbb196554b026604f87d8669') in 0.168187 seconds 
  Import took 0.192396 seconds .

========================================================================
Received Import Request.
  Time since last request: 5.141230 seconds.
  path: Assets/Sprites/DIplomat/diplomat.psb
  artifactKey: Guid(b9c4493854359fb42845c2d77399b7cc) Importer(815301076,1909f56bfc062723c751e8b465ee728b)
Start importing Assets/Sprites/DIplomat/diplomat.psb using Guid(b9c4493854359fb42845c2d77399b7cc) Importer(815301076,1909f56bfc062723c751e8b465ee728b)  -> (artifact id: '337e7f7a88846a8544175a0143b3d62c') in 0.131223 seconds 
  Import took 0.135118 seconds .

========================================================================
Received Import Request.
  Time since last request: 237.105672 seconds.
  path: Assets/Sprites/DIplomat/diplomat.psb
  artifactKey: Guid(b9c4493854359fb42845c2d77399b7cc) Importer(815301076,1909f56bfc062723c751e8b465ee728b)
Start importing Assets/Sprites/DIplomat/diplomat.psb using Guid(b9c4493854359fb42845c2d77399b7cc) Importer(815301076,1909f56bfc062723c751e8b465ee728b)  -> (artifact id: '4f2de940aa12d3a6280ad853ccbe7214') in 0.119621 seconds 
  Import took 0.132296 seconds .

AssetImportWorkerClient::OnTransportError - code=2 error=End of file
